[17:26:27] [main/WARN]: Ambiguity between arguments [teleport, location] and [teleport, destination] with inputs: [0.1 -0.5 .9, 0 0 0]
[17:26:27] [main/WARN]: Ambiguity between arguments [teleport, location] and [teleport, targets] with inputs: [0.1 -0.5 .9, 0 0 0]
[17:26:27] [main/WARN]: Ambiguity between arguments [teleport, targets] and [teleport, destination] with inputs: [Player, 0123, dd12be42-52a9-4a91-a8a1-11c01849e498]
[17:26:27] [main/WARN]: Ambiguity between arguments [teleport, targets, location] and [teleport, targets, destination] with inputs: [0.1 -0.5 .9, 0 0 0]
[17:26:27] [main/INFO]: Loaded 0 recipes
[17:26:28] [Server thread/INFO]: Starting minecraft server version 1.13.1
[17:26:28] [Server thread/INFO]: Loading properties
[17:26:28] [Server thread/INFO]: Default game type: SURVIVAL
[17:26:28] [Server thread/INFO]: Generating keypair
[17:26:28] [Server thread/INFO]: Starting Minecraft server on *:25565
[17:26:28] [Server thread/INFO]: Using default channel type
[17:26:29] [Server thread/INFO]: This server is running CraftBukkit version git-Bukkit-4228a56 (MC: 1.13.1) (Implementing API version 1.13.1-R0.1-SNAPSHOT)
[17:26:30] [Server thread/WARN]: **** SERVER IS RUNNING IN OFFLINE/INSECURE MODE!
[17:26:30] [Server thread/WARN]: The server will make no attempt to authenticate usernames. Beware.
[17:26:30] [Server thread/WARN]: While this makes the game possible to play without internet access, it also opens up the ability for hackers to connect with any username they choose.
[17:26:30] [Server thread/WARN]: To change this, set "online-mode" to "true" in the server.properties file.
[17:26:30] [Server thread/INFO]: Preparing level "BlaBlaBla"
[17:26:30] [Server thread/INFO]: Reloading ResourceManager: Default, bukkit
[17:26:31] [Server thread/INFO]: Loaded 524 recipes
[17:26:32] [Server thread/INFO]: Preparing start region for level minecraft:the_end (Seed: -8770560335822729393)
[17:26:33] [Server thread/INFO]: Preparing spawn area: 4%
[17:26:33] [Server thread/INFO]: Preparing spawn area: 8%
[17:26:33] [Server thread/INFO]: Preparing spawn area: 12%
[17:26:33] [Server thread/INFO]: Preparing spawn area: 16%
[17:26:33] [Server thread/INFO]: Preparing spawn area: 20%
[17:26:33] [Server thread/INFO]: Preparing spawn area: 24%
[17:26:33] [Server thread/INFO]: Preparing spawn area: 28%
[17:26:33] [Server thread/INFO]: Preparing spawn area: 32%
[17:26:33] [Server thread/INFO]: Preparing spawn area: 36%
[17:26:33] [Server thread/INFO]: Preparing spawn area: 40%
[17:26:33] [Server thread/INFO]: Preparing spawn area: 44%
[17:26:33] [Server thread/INFO]: Preparing spawn area: 48%
[17:26:33] [Server thread/INFO]: Preparing spawn area: 52%
[17:26:33] [Server thread/INFO]: Preparing spawn area: 56%
[17:26:33] [Server thread/INFO]: Preparing spawn area: 60%
[17:26:33] [Server thread/INFO]: Preparing spawn area: 64%
[17:26:33] [Server thread/INFO]: Preparing spawn area: 68%
[17:26:33] [Server thread/INFO]: Preparing spawn area: 72%
[17:26:33] [Server thread/INFO]: Preparing spawn area: 76%
[17:26:33] [Server thread/INFO]: Preparing spawn area: 80%
[17:26:33] [Server thread/INFO]: Preparing spawn area: 84%
[17:26:33] [Server thread/INFO]: Preparing spawn area: 88%
[17:26:33] [Server thread/INFO]: Preparing spawn area: 92%
[17:26:33] [Server thread/INFO]: Preparing spawn area: 96%
[17:26:33] [Server thread/INFO]: Preparing spawn area: 100%
[17:26:33] [Server thread/INFO]: Preparing start region for level minecraft:the_nether (Seed: -8770560335822729393)
[17:26:34] [Server thread/INFO]: Preparing spawn area: 4%
[17:26:34] [Server thread/INFO]: Preparing spawn area: 8%
[17:26:34] [Server thread/INFO]: Preparing spawn area: 12%
[17:26:34] [Server thread/INFO]: Preparing spawn area: 16%
[17:26:34] [Server thread/INFO]: Preparing spawn area: 20%
[17:26:34] [Server thread/INFO]: Preparing spawn area: 24%
[17:26:34] [Server thread/INFO]: Preparing spawn area: 28%
[17:26:35] [Server thread/INFO]: Preparing spawn area: 32%
[17:26:35] [Server thread/INFO]: Preparing spawn area: 36%
[17:26:35] [Server thread/INFO]: Preparing spawn area: 40%
[17:26:35] [Server thread/INFO]: Preparing spawn area: 44%
[17:26:35] [Server thread/INFO]: Preparing spawn area: 48%
[17:26:35] [Server thread/INFO]: Preparing spawn area: 52%
[17:26:35] [Server thread/INFO]: Preparing spawn area: 56%
[17:26:35] [Server thread/INFO]: Preparing spawn area: 60%
[17:26:35] [Server thread/INFO]: Preparing spawn area: 64%
[17:26:35] [Server thread/INFO]: Preparing spawn area: 68%
[17:26:35] [Server thread/INFO]: Preparing spawn area: 72%
[17:26:35] [Server thread/INFO]: Preparing spawn area: 76%
[17:26:35] [Server thread/INFO]: Preparing spawn area: 80%
[17:26:36] [Server thread/INFO]: Preparing spawn area: 84%
[17:26:36] [Server thread/INFO]: Preparing spawn area: 88%
[17:26:36] [Server thread/INFO]: Preparing spawn area: 92%
[17:26:36] [Server thread/INFO]: Preparing spawn area: 96%
[17:26:36] [Server thread/INFO]: Preparing spawn area: 100%
[17:26:36] [Server thread/INFO]: Preparing start region for level minecraft:overworld (Seed: -8770560335822729393)
[17:26:36] [Server thread/INFO]: Preparing spawn area: 4%
[17:26:36] [Server thread/INFO]: Preparing spawn area: 8%
[17:26:37] [Server thread/INFO]: Preparing spawn area: 12%
[17:26:37] [Server thread/INFO]: Preparing spawn area: 16%
[17:26:37] [Server thread/INFO]: Preparing spawn area: 20%
[17:26:37] [Server thread/INFO]: Preparing spawn area: 24%
[17:26:37] [Server thread/INFO]: Preparing spawn area: 28%
[17:26:37] [Server thread/INFO]: Preparing spawn area: 32%
[17:26:37] [Server thread/INFO]: Preparing spawn area: 36%
[17:26:37] [Server thread/INFO]: Preparing spawn area: 40%
[17:26:37] [Server thread/INFO]: Preparing spawn area: 44%
[17:26:38] [Server thread/INFO]: Preparing spawn area: 48%
[17:26:38] [Server thread/INFO]: Preparing spawn area: 52%
[17:26:38] [Server thread/INFO]: Preparing spawn area: 56%
[17:26:38] [Server thread/INFO]: Preparing spawn area: 60%
[17:26:38] [Server thread/INFO]: Preparing spawn area: 64%
[17:26:38] [Server thread/INFO]: Preparing spawn area: 68%
[17:26:38] [Server thread/INFO]: Preparing spawn area: 72%
[17:26:39] [Server thread/INFO]: Preparing spawn area: 76%
[17:26:39] [Server thread/INFO]: Preparing spawn area: 80%
[17:26:39] [Server thread/INFO]: Preparing spawn area: 84%
[17:26:39] [Server thread/INFO]: Preparing spawn area: 88%
[17:26:39] [Server thread/INFO]: Preparing spawn area: 92%
[17:26:39] [Server thread/INFO]: Preparing spawn area: 96%
[17:26:39] [Server thread/INFO]: Preparing spawn area: 100%
[17:26:39] [Server thread/INFO]: Time elapsed: 6608 ms
[17:26:39] [Server thread/INFO]: Server permissions file permissions.yml is empty, ignoring it
[17:26:39] [Server thread/INFO]: Done (9.241s)! For help, type "help"
[17:26:42] [Server thread/WARN]: Can't keep up! Is the server overloaded? Running 3568ms or 71 ticks behind
[17:29:33] [Server thread/INFO]: Giulia[/192.168.1.2:59363] logged in with entity id 59 at ([BlaBlaBla]747.65114174014, 64.0, -46.59930641457598)
[17:32:00] [Server thread/INFO]: Giulia lost connection: Disconnected
[17:32:00] [Server thread/INFO]: Giulia left the game
[17:32:38] [Server thread/INFO]: Stopping the server
[17:32:38] [Server thread/INFO]: Stopping server
[17:32:38] [Server thread/INFO]: Saving players
[17:32:38] [Server thread/INFO]: Saving worlds
[17:32:38] [Server thread/INFO]: Saving chunks for level 'BlaBlaBla_the_end'/minecraft:the_end
[17:32:38] [Server thread/INFO]: Saving chunks for level 'BlaBlaBla_nether'/minecraft:the_nether
[17:32:38] [Server thread/INFO]: Saving chunks for level 'BlaBlaBla'/minecraft:overworld
