[00:04:15] [Server thread/INFO]: Verna[/127.0.0.1:57436] logged in with entity id 81581 at ([ServerMoricini]-939.3733235520134, 69.0, -476.1571362697992)
[00:05:02] [Netty Server IO #7/INFO]: <Selya> Ciau!!!!!!!!!![m
[00:05:07] [Netty Server IO #9/INFO]: <Verna> <3[m
[00:05:50] [Netty Server IO #9/INFO]: <Verna> stalkerastalkera[m
[00:06:06] [Netty Server IO #7/INFO]: <Selya> <3 <3 <3[m
[00:06:16] [Netty Server IO #9/INFO]: <Verna> <3[m
[00:07:28] [Netty Server IO #9/INFO]: <Verna> ti ho vista che hasi cambiato l'acquario :P[m
[00:07:49] [Netty Server IO #7/INFO]: <Selya> really? credevo di averlo rimesso come prima[m
[00:08:05] [Netty Server IO #9/INFO]: <Verna> Decisamente no xD[m
[00:08:17] [Netty Server IO #9/INFO]: <Verna> ma è bello lo stesso :*[m
[00:08:23] [Netty Server IO #7/INFO]: <Selya> Cos'è cambiato??[m
[00:08:27] [Netty Server IO #9/INFO]: <Verna> Io avevo evitato i coralli gialli[m
[00:08:36] [Netty Server IO #9/INFO]: <Verna> mancano un sacco di blocchi[m
[00:08:58] [Netty Server IO #7/INFO]: <Selya> Sorry, mi è successo un mezzo casino mentre lo facevo, se vuoi rifallo pure[m
[00:09:11] [Netty Server IO #9/INFO]: <Verna> hahaha tranquilla, va bene così[m
[00:09:13] [Netty Server IO #9/INFO]: <Verna> :*[m
[00:09:24] [Netty Server IO #9/INFO]: <Verna> credevo fosse voluto[m
[00:09:27] [Netty Server IO #7/INFO]: <Selya> nono davvero, io ho solo cacciato lì roba a caso[m
[00:09:35] [Netty Server IO #9/INFO]: <Verna> ok xD[m
[00:09:58] [Netty Server IO #7/INFO]: <Selya> ero entrata per mettere i coralli e poi niente è successo un casino e solo dopo ho realizzato che c'erano gia xD[m
[00:10:08] [Netty Server IO #9/INFO]: <Verna> ???[m
[00:10:42] [Netty Server IO #9/INFO]: <Verna> red carpet fino al porto? :P[m
[00:10:52] [Netty Server IO #7/INFO]: <Selya> una prova, non sono molto convinta[m
[00:11:22] [Netty Server IO #9/INFO]: <Verna> hai fatto un dungeon dall'altro lato dell'isola![m
[00:11:38] [Netty Server IO #7/INFO]: <Selya> c'era già, ho solo chiuso l'entrata xD[m
[00:11:57] [Netty Server IO #9/INFO]: <Verna> la pietra non c'era già[m
[00:12:19] [Netty Server IO #7/INFO]: <Selya> infatti ho fatto atrio, scale e portale, bom xD[m
[00:12:26] [Netty Server IO #7/INFO]: <Selya> e terrazzo[m
[00:12:37] [Netty Server IO #9/INFO]: <Verna> moricina operosa[m
[00:15:08] [Server thread/INFO]: Verna issued server command: /difficulty peaceful
[00:15:08] [Server thread/INFO]: [Verna: The difficulty has been set to Peaceful]
[00:16:29] [Netty Server IO #7/INFO]: <Selya> perche passando per la mia stanza ho raccolto un pesce palla? xD[m
[00:16:42] [Netty Server IO #9/INFO]: <Verna> o.O bho xD[m
[00:22:49] [Netty Server IO #7/INFO]: <Selya> ti piace^[m
[00:22:55] [Netty Server IO #9/INFO]: <Verna> shi[m
[00:24:56] [Netty Server IO #7/INFO]: <Selya> SI POSSONO FARE I VASIIIIIIIIIIIII?????[m
[00:25:02] [Netty Server IO #9/INFO]: <Verna> si xD[m
[00:25:08] [Netty Server IO #7/INFO]: <Selya> TEACH ME[m
[00:25:23] [Netty Server IO #9/INFO]: <Verna> e chi si ricorda[m
[00:26:11] [Netty Server IO #9/INFO]: <Verna> bella la tua dimora :*[m
[00:26:43] [Netty Server IO #7/INFO]: <Selya> Oh **[m
[00:27:05] [Netty Server IO #7/INFO]: <Selya> hai idea di come si piantino le chorus plants?[m
[00:27:11] [Netty Server IO #9/INFO]: <Verna> che?[m
[00:27:32] [Netty Server IO #7/INFO]: <Selya> cubi viola nella sezione piante prima del chest[m
[00:28:24] [Netty Server IO #9/INFO]: <Verna> sopra l'endstone[m
[00:29:22] [Netty Server IO #7/INFO]: <Selya> bruttina[m
[00:29:48] [Netty Server IO #7/INFO]: <Selya> ???? x"D[m
[00:30:41] [Netty Server IO #9/INFO]: <Verna> posso fare un castello sull'isola di fronte?[m
[00:30:59] [Netty Server IO #7/INFO]: <Selya> uhm sure?[m
[00:31:10] [Netty Server IO #9/INFO]: <Verna> assaltoooooooooooooooooooooooooooooooooooooo[m
[00:31:20] [Netty Server IO #7/INFO]: <Selya> btw, what's the deal about l'area davanti a me??[m
[00:31:27] [Netty Server IO #9/INFO]: <Verna> ?[m
[00:31:36] [Netty Server IO #7/INFO]: <Selya> se vado qui mi ciocca tutto[m
[00:31:46] [Netty Server IO #9/INFO]: <Verna> a me no o.O[m
[00:32:02] [Netty Server IO #7/INFO]: <Selya> omg vedo sotto[m
[00:32:09] [Netty Server IO #7/INFO]: <Selya> whatsapp[m
[00:32:14] [Netty Server IO #9/INFO]: <Verna> LOL[m
[00:32:30] [Netty Server IO #9/INFO]: <Verna> non ti ha caricato il chunk[m
[00:32:54] [Netty Server IO #7/INFO]: <Selya> anche prima o.O[m
[00:33:05] [Netty Server IO #9/INFO]: <Verna> capita (spesso)[m
[00:33:34] [Netty Server IO #7/INFO]: <Selya> perche va a fuoco? xD[m
[00:33:44] [Netty Server IO #9/INFO]: <Verna> ops?[m
[00:34:39] [Netty Server IO #9/INFO]: <Verna> topa?[m
[00:34:55] [Netty Server IO #7/INFO]: <Selya> scusa sono uscita un attimo, credo ci fosse un gatto sul tetto[m
[00:35:03] [Netty Server IO #9/INFO]: <Verna> capisco xD[m
[00:35:24] [Netty Server IO #7/INFO]: <Selya> o un procione a giudicare dal rumore, ma non l'ho beccato xD[m
[00:35:43] [Netty Server IO #9/INFO]: <Verna> ok xD[m
[00:37:19] [Netty Server IO #7/INFO]: <Selya> mistero[m
[00:50:00] [Netty Server IO #9/INFO]: <Verna> <3<3<3[m
[00:53:23] [Netty Server IO #9/INFO]: <Verna> vista![m
[00:53:32] [Netty Server IO #7/INFO]: <Selya> ooooooooh[m
[00:53:36] [Netty Server IO #9/INFO]: <Verna> nonono[m
[00:53:39] [Netty Server IO #9/INFO]: <Verna> non vista[m
[00:53:39] [Netty Server IO #7/INFO]: <Selya> ti volevo lasciare un cuoricino xD[m
[00:53:43] [Netty Server IO #9/INFO]: <Verna> <3[m
[00:54:22] [Netty Server IO #7/INFO]: <Selya> visto![m
[00:54:29] [Netty Server IO #9/INFO]: <Verna> scosto[m
[00:55:25] [Netty Server IO #7/INFO]: <Selya> <3 <3 3<[m
[00:55:29] [Netty Server IO #9/INFO]: <Verna> smack[m
[01:15:13] [Netty Server IO #9/INFO]: <Verna> <3[m
[01:16:45] [Server thread/INFO]: Verna issued server command: /tp Verna Selya
[01:16:45] [Server thread/INFO]: [Verna: Teleported Verna to Selya]
[01:17:24] [Netty Server IO #7/INFO]: <Selya> oh!!!![m
[01:17:33] [Netty Server IO #9/INFO]: <Verna> :*[m
[01:17:40] [Netty Server IO #9/INFO]: <Verna> non mi calcoli xD[m
[01:17:48] [Netty Server IO #7/INFO]: <Selya> non è vero!!![m
[01:18:05] [Netty Server IO #9/INFO]: <Verna> :*[m
[01:21:08] [Netty Server IO #9/INFO]: <Verna> vista![m
[01:21:33] [Netty Server IO #7/INFO]: <Selya> awwwwwwwwwwwww[m
[01:21:39] [Netty Server IO #9/INFO]: <Verna> <3[m
[01:36:51] [Netty Server IO #7/INFO]: <Selya> stalle?[m
[01:36:57] [Netty Server IO #9/INFO]: <Verna> stalle?[m
[01:37:12] [Netty Server IO #7/INFO]: <Selya> ho sistemato un pochino :*[m
[01:37:32] [Netty Server IO #9/INFO]: <Verna> shi, bello :*[m
[01:37:39] [Netty Server IO #7/INFO]: <Selya> pappagalli eheheh[m
[01:37:40] [Netty Server IO #9/INFO]: <Verna> ho visto che hai messo anche i conigli xD[m
[01:37:45] [Netty Server IO #9/INFO]: <Verna> e i pappagalli xD[m
[01:37:52] [Netty Server IO #7/INFO]: <Selya> shi sono kawaii u.u[m
[01:38:01] [Netty Server IO #9/INFO]: <Verna> hahaha xD[m
[01:38:45] [Netty Server IO #7/INFO]: <Selya> non capisco, quando ho piantato la quercia sul tetto è diventata subito enorme, ne ho piantata una ore fa ed è ancora un sapling[m
[01:39:03] [Netty Server IO #9/INFO]: <Verna> normale, vanno a random[m
[01:39:15] [Netty Server IO #9/INFO]: <Verna> usa il bone meal se vuoi farla crescere subito[m
[01:39:31] [Netty Server IO #7/INFO]: <Selya> oh, ok[m
[01:42:09] [Netty Server IO #7/INFO]: <Selya> sono nate le rugheeeeeee[m
[01:42:18] [Netty Server IO #9/INFO]: <Verna> O.O[m
[01:42:57] [Netty Server IO #9/INFO]: <Verna> occheccarinaaaaaaa[m
[01:43:12] [Netty Server IO #7/INFO]: <Selya> mi sa che ne è nata una sola di 4 uova però D:[m
[01:44:07] [Netty Server IO #9/INFO]: <Verna> io chiudo tata[m
[01:44:27] [Netty Server IO #7/INFO]: <Selya> la quercia non è ancora cresciuta btw[m
[01:44:31] [Netty Server IO #7/INFO]: <Selya> Ok :*[m
[01:44:42] [Server thread/INFO]: Verna lost connection: Disconnected
[01:44:42] [Server thread/INFO]: Verna left the game
[01:44:53] [Server thread/INFO]: Selya lost connection: Disconnected
[01:44:53] [Server thread/INFO]: Selya left the game
[01:44:58] [Server thread/INFO]: Stopping the server
[01:44:58] [Server thread/INFO]: Stopping server
[01:44:58] [Server thread/INFO]: Saving players
[01:44:58] [Server thread/INFO]: Saving worlds
[01:44:58] [Server thread/INFO]: Saving chunks for level 'ServerMoricini_the_end'/minecraft:the_end
[01:44:58] [Server thread/INFO]: Saving chunks for level 'ServerMoricini_nether'/minecraft:the_nether
[01:44:58] [Server thread/INFO]: Saving chunks for level 'ServerMoricini'/minecraft:overworld
