[19:21:02] [Server thread/INFO]: Starting minecraft server version 1.13.2
[19:21:02] [Server thread/INFO]: Loading properties
[19:21:02] [Server thread/INFO]: Default game type: SURVIVAL
[19:21:02] [Server thread/INFO]: Generating keypair
[19:21:02] [Server thread/INFO]: Starting Minecraft server on *:25565
[19:21:02] [Server thread/INFO]: Using default channel type
[19:21:03] [Server thread/INFO]: This server is running CraftBukkit version git-Bukkit-3359cb1 (MC: 1.13.2) (Implementing API version 1.13.2-R0.1-SNAPSHOT)
[19:21:03] [Server thread/WARN]: **** SERVER IS RUNNING IN OFFLINE/INSECURE MODE!
[19:21:03] [Server thread/WARN]: The server will make no attempt to authenticate usernames. Beware.
[19:21:03] [Server thread/WARN]: While this makes the game possible to play without internet access, it also opens up the ability for hackers to connect with any username they choose.
[19:21:03] [Server thread/WARN]: To change this, set "online-mode" to "true" in the server.properties file.
[19:21:03] [Server thread/INFO]: Preparing level "29092018Server"
[19:21:03] [Server thread/INFO]: Reloading ResourceManager: Default, bukkit
[19:21:04] [Server thread/INFO]: Loaded 524 recipes
[19:21:05] [Server thread/INFO]: Preparing start region for level minecraft:overworld (Seed: -1603393826086761327)
[19:21:06] [Server thread/INFO]: Preparing spawn area: 4%
[19:21:06] [Server thread/INFO]: Preparing spawn area: 8%
[19:21:06] [Server thread/INFO]: Preparing spawn area: 12%
[19:21:06] [Server thread/INFO]: Preparing spawn area: 16%
[19:21:06] [Server thread/INFO]: Preparing spawn area: 20%
[19:21:06] [Server thread/INFO]: Preparing spawn area: 24%
[19:21:06] [Server thread/INFO]: Preparing spawn area: 28%
[19:21:06] [Server thread/INFO]: Preparing spawn area: 32%
[19:21:06] [Server thread/INFO]: Preparing spawn area: 36%
[19:21:07] [Server thread/INFO]: Preparing spawn area: 40%
[19:21:07] [Server thread/INFO]: Preparing spawn area: 44%
[19:21:07] [Server thread/INFO]: Preparing spawn area: 48%
[19:21:07] [Server thread/INFO]: Preparing spawn area: 52%
[19:21:07] [Server thread/INFO]: Preparing spawn area: 56%
[19:21:07] [Server thread/INFO]: Preparing spawn area: 60%
[19:21:07] [Server thread/INFO]: Preparing spawn area: 64%
[19:21:07] [Server thread/INFO]: Preparing spawn area: 68%
[19:21:07] [Server thread/INFO]: Preparing spawn area: 72%
[19:21:07] [Server thread/INFO]: Preparing spawn area: 76%
[19:21:07] [Server thread/INFO]: Preparing spawn area: 80%
[19:21:07] [Server thread/INFO]: Preparing spawn area: 84%
[19:21:07] [Server thread/INFO]: Preparing spawn area: 88%
[19:21:07] [Server thread/INFO]: Preparing spawn area: 92%
[19:21:07] [Server thread/INFO]: Preparing spawn area: 96%
[19:21:07] [Server thread/INFO]: Preparing spawn area: 100%
[19:21:07] [Server thread/INFO]: Preparing start region for level minecraft:the_nether (Seed: -1603393826086761327)
[19:21:08] [Server thread/INFO]: Preparing spawn area: 4%
[19:21:08] [Server thread/INFO]: Preparing spawn area: 8%
[19:21:08] [Server thread/INFO]: Preparing spawn area: 12%
[19:21:08] [Server thread/INFO]: Preparing spawn area: 16%
[19:21:08] [Server thread/INFO]: Preparing spawn area: 20%
[19:21:08] [Server thread/INFO]: Preparing spawn area: 24%
[19:21:08] [Server thread/INFO]: Preparing spawn area: 28%
[19:21:08] [Server thread/INFO]: Preparing spawn area: 32%
[19:21:08] [Server thread/INFO]: Preparing spawn area: 36%
[19:21:08] [Server thread/INFO]: Preparing spawn area: 40%
[19:21:08] [Server thread/INFO]: Preparing spawn area: 44%
[19:21:08] [Server thread/INFO]: Preparing spawn area: 48%
[19:21:08] [Server thread/INFO]: Preparing spawn area: 52%
[19:21:08] [Server thread/INFO]: Preparing spawn area: 56%
[19:21:08] [Server thread/INFO]: Preparing spawn area: 60%
[19:21:08] [Server thread/INFO]: Preparing spawn area: 64%
[19:21:08] [Server thread/INFO]: Preparing spawn area: 68%
[19:21:09] [Server thread/INFO]: Preparing spawn area: 72%
[19:21:09] [Server thread/INFO]: Preparing spawn area: 76%
[19:21:09] [Server thread/INFO]: Preparing spawn area: 80%
[19:21:09] [Server thread/INFO]: Preparing spawn area: 84%
[19:21:09] [Server thread/INFO]: Preparing spawn area: 88%
[19:21:09] [Server thread/INFO]: Preparing spawn area: 92%
[19:21:09] [Server thread/INFO]: Preparing spawn area: 96%
[19:21:09] [Server thread/INFO]: Preparing spawn area: 100%
[19:21:09] [Server thread/INFO]: Preparing start region for level minecraft:the_end (Seed: -1603393826086761327)
[19:21:09] [Server thread/INFO]: Preparing spawn area: 4%
[19:21:09] [Server thread/INFO]: Preparing spawn area: 8%
[19:21:09] [Server thread/INFO]: Preparing spawn area: 12%
[19:21:09] [Server thread/INFO]: Preparing spawn area: 16%
[19:21:09] [Server thread/INFO]: Preparing spawn area: 20%
[19:21:09] [Server thread/INFO]: Preparing spawn area: 24%
[19:21:09] [Server thread/INFO]: Preparing spawn area: 28%
[19:21:09] [Server thread/INFO]: Preparing spawn area: 32%
[19:21:09] [Server thread/INFO]: Preparing spawn area: 36%
[19:21:09] [Server thread/INFO]: Preparing spawn area: 40%
[19:21:09] [Server thread/INFO]: Preparing spawn area: 44%
[19:21:09] [Server thread/INFO]: Preparing spawn area: 48%
[19:21:09] [Server thread/INFO]: Preparing spawn area: 52%
[19:21:09] [Server thread/INFO]: Preparing spawn area: 56%
[19:21:09] [Server thread/INFO]: Preparing spawn area: 60%
[19:21:09] [Server thread/INFO]: Preparing spawn area: 64%
[19:21:09] [Server thread/INFO]: Preparing spawn area: 68%
[19:21:09] [Server thread/INFO]: Preparing spawn area: 72%
[19:21:09] [Server thread/INFO]: Preparing spawn area: 76%
[19:21:09] [Server thread/INFO]: Preparing spawn area: 80%
[19:21:09] [Server thread/INFO]: Preparing spawn area: 84%
[19:21:09] [Server thread/INFO]: Preparing spawn area: 88%
[19:21:09] [Server thread/INFO]: Preparing spawn area: 92%
[19:21:09] [Server thread/INFO]: Preparing spawn area: 96%
[19:21:09] [Server thread/INFO]: Preparing spawn area: 100%
[19:21:09] [Server thread/INFO]: Time elapsed: 3926 ms
[19:21:09] [Server thread/INFO]: Server permissions file permissions.yml is empty, ignoring it
[19:21:09] [Server thread/INFO]: Done (6.649s)! For help, type "help"
[19:21:13] [Server thread/WARN]: Can't keep up! Is the server overloaded? Running 3937ms or 78 ticks behind
