[21:49:48] [main/WARN]: Ambiguity between arguments [teleport, location] and [teleport, destination] with inputs: [0.1 -0.5 .9, 0 0 0]
[21:49:48] [main/WARN]: Ambiguity between arguments [teleport, location] and [teleport, targets] with inputs: [0.1 -0.5 .9, 0 0 0]
[21:49:48] [main/WARN]: Ambiguity between arguments [teleport, targets] and [teleport, destination] with inputs: [Player, 0123, dd12be42-52a9-4a91-a8a1-11c01849e498]
[21:49:48] [main/WARN]: Ambiguity between arguments [teleport, targets, location] and [teleport, targets, destination] with inputs: [0.1 -0.5 .9, 0 0 0]
[21:49:49] [main/INFO]: Loaded 0 recipes
[21:49:49] [Server thread/INFO]: Starting minecraft server version 1.13.1
[21:49:49] [Server thread/INFO]: Loading properties
[21:49:49] [Server thread/INFO]: Default game type: SURVIVAL
[21:49:49] [Server thread/INFO]: Generating keypair
[21:49:49] [Server thread/INFO]: Starting Minecraft server on *:25565
[21:49:49] [Server thread/INFO]: Using default channel type
[21:49:50] [Server thread/INFO]: This server is running CraftBukkit version git-Bukkit-4228a56 (MC: 1.13.1) (Implementing API version 1.13.1-R0.1-SNAPSHOT)
[21:49:50] [Server thread/WARN]: **** SERVER IS RUNNING IN OFFLINE/INSECURE MODE!
[21:49:50] [Server thread/WARN]: The server will make no attempt to authenticate usernames. Beware.
[21:49:50] [Server thread/WARN]: While this makes the game possible to play without internet access, it also opens up the ability for hackers to connect with any username they choose.
[21:49:50] [Server thread/WARN]: To change this, set "online-mode" to "true" in the server.properties file.
[21:49:50] [Server thread/INFO]: Preparing level "29092018Server"
[21:49:50] [Server thread/INFO]: Reloading ResourceManager: Default, bukkit
[21:49:51] [Server thread/INFO]: Loaded 524 recipes
[21:49:52] [Server thread/INFO]: Preparing start region for level minecraft:the_end (Seed: -1603393826086761327)
[21:49:53] [Server thread/INFO]: Preparing spawn area: 4%
[21:49:53] [Server thread/INFO]: Preparing spawn area: 8%
[21:49:53] [Server thread/INFO]: Preparing spawn area: 12%
[21:49:53] [Server thread/INFO]: Preparing spawn area: 16%
[21:49:53] [Server thread/INFO]: Preparing spawn area: 20%
[21:49:53] [Server thread/INFO]: Preparing spawn area: 24%
[21:49:53] [Server thread/INFO]: Preparing spawn area: 28%
[21:49:53] [Server thread/INFO]: Preparing spawn area: 32%
[21:49:53] [Server thread/INFO]: Preparing spawn area: 36%
[21:49:53] [Server thread/INFO]: Preparing spawn area: 40%
[21:49:53] [Server thread/INFO]: Preparing spawn area: 44%
[21:49:53] [Server thread/INFO]: Preparing spawn area: 48%
[21:49:53] [Server thread/INFO]: Preparing spawn area: 52%
[21:49:53] [Server thread/INFO]: Preparing spawn area: 56%
[21:49:53] [Server thread/INFO]: Preparing spawn area: 60%
[21:49:53] [Server thread/INFO]: Preparing spawn area: 64%
[21:49:53] [Server thread/INFO]: Preparing spawn area: 68%
[21:49:53] [Server thread/INFO]: Preparing spawn area: 72%
[21:49:53] [Server thread/INFO]: Preparing spawn area: 76%
[21:49:53] [Server thread/INFO]: Preparing spawn area: 80%
[21:49:53] [Server thread/INFO]: Preparing spawn area: 84%
[21:49:53] [Server thread/INFO]: Preparing spawn area: 88%
[21:49:53] [Server thread/INFO]: Preparing spawn area: 92%
[21:49:53] [Server thread/INFO]: Preparing spawn area: 96%
[21:49:53] [Server thread/INFO]: Preparing spawn area: 100%
[21:49:53] [Server thread/INFO]: Preparing start region for level minecraft:the_nether (Seed: -1603393826086761327)
[21:49:53] [Server thread/INFO]: Preparing spawn area: 4%
[21:49:53] [Server thread/INFO]: Preparing spawn area: 8%
[21:49:53] [Server thread/INFO]: Preparing spawn area: 12%
[21:49:53] [Server thread/INFO]: Preparing spawn area: 16%
[21:49:53] [Server thread/INFO]: Preparing spawn area: 20%
[21:49:53] [Server thread/INFO]: Preparing spawn area: 24%
[21:49:53] [Server thread/INFO]: Preparing spawn area: 28%
[21:49:53] [Server thread/INFO]: Preparing spawn area: 32%
[21:49:53] [Server thread/INFO]: Preparing spawn area: 36%
[21:49:54] [Server thread/INFO]: Preparing spawn area: 40%
[21:49:54] [Server thread/INFO]: Preparing spawn area: 44%
[21:49:54] [Server thread/INFO]: Preparing spawn area: 48%
[21:49:54] [Server thread/INFO]: Preparing spawn area: 52%
[21:49:54] [Server thread/INFO]: Preparing spawn area: 56%
[21:49:54] [Server thread/INFO]: Preparing spawn area: 60%
[21:49:54] [Server thread/INFO]: Preparing spawn area: 64%
[21:49:54] [Server thread/INFO]: Preparing spawn area: 68%
[21:49:54] [Server thread/INFO]: Preparing spawn area: 72%
[21:49:54] [Server thread/INFO]: Preparing spawn area: 76%
[21:49:54] [Server thread/INFO]: Preparing spawn area: 80%
[21:49:54] [Server thread/INFO]: Preparing spawn area: 84%
[21:49:54] [Server thread/INFO]: Preparing spawn area: 88%
[21:49:54] [Server thread/INFO]: Preparing spawn area: 92%
[21:49:54] [Server thread/INFO]: Preparing spawn area: 96%
[21:49:54] [Server thread/INFO]: Preparing spawn area: 100%
[21:49:54] [Server thread/INFO]: Preparing start region for level minecraft:overworld (Seed: -1603393826086761327)
[21:49:55] [Server thread/INFO]: Preparing spawn area: 4%
[21:49:55] [Server thread/INFO]: Preparing spawn area: 8%
[21:49:55] [Server thread/INFO]: Preparing spawn area: 12%
[21:49:55] [Server thread/INFO]: Preparing spawn area: 16%
[21:49:55] [Server thread/INFO]: Preparing spawn area: 20%
[21:49:55] [Server thread/INFO]: Preparing spawn area: 24%
[21:49:55] [Server thread/INFO]: Preparing spawn area: 28%
[21:49:55] [Server thread/INFO]: Preparing spawn area: 32%
[21:49:55] [Server thread/INFO]: Preparing spawn area: 36%
[21:49:55] [Server thread/INFO]: Preparing spawn area: 40%
[21:49:55] [Server thread/INFO]: Preparing spawn area: 44%
[21:49:55] [Server thread/INFO]: Preparing spawn area: 48%
[21:49:55] [Server thread/INFO]: Preparing spawn area: 52%
[21:49:55] [Server thread/INFO]: Preparing spawn area: 56%
[21:49:55] [Server thread/INFO]: Preparing spawn area: 60%
[21:49:55] [Server thread/INFO]: Preparing spawn area: 64%
[21:49:55] [Server thread/INFO]: Preparing spawn area: 68%
[21:49:55] [Server thread/INFO]: Preparing spawn area: 72%
[21:49:55] [Server thread/INFO]: Preparing spawn area: 76%
[21:49:55] [Server thread/INFO]: Preparing spawn area: 80%
[21:49:55] [Server thread/INFO]: Preparing spawn area: 84%
[21:49:55] [Server thread/INFO]: Preparing spawn area: 88%
[21:49:55] [Server thread/INFO]: Preparing spawn area: 92%
[21:49:55] [Server thread/INFO]: Preparing spawn area: 96%
[21:49:55] [Server thread/INFO]: Preparing spawn area: 100%
[21:49:55] [Server thread/INFO]: Time elapsed: 2981 ms
[21:49:55] [Server thread/INFO]: Server permissions file permissions.yml is empty, ignoring it
[21:49:55] [Server thread/INFO]: Done (5.479s)! For help, type "help"
[21:49:59] [Server thread/WARN]: Can't keep up! Is the server overloaded? Running 3570ms or 71 ticks behind
[21:51:22] [Server thread/INFO]: DarthVerna[/83.211.105.234:59914] logged in with entity id 424 at ([29092018Server]180.10390036184836, 63.0, 76.14239643069962)
[21:56:02] [Server thread/INFO]: DarthVerna issued server command: /locate Village
[21:56:42] [Server thread/INFO]: krakauder[/151.16.152.25:53434] logged in with entity id 2699 at ([29092018Server]192.4589327856919, 63.5, 73.14364010881492)
[22:01:46] [Server thread/INFO]: DarthVerna issued server command: /give DarthVerna minecraft:oak_boat
[22:01:46] [Server thread/INFO]: [DarthVerna: Gave 1 [Oak Boat] to DarthVerna]
[22:02:28] [Server thread/WARN]: Can't keep up! Is the server overloaded? Running 2912ms or 58 ticks behind
[22:02:28] [Server thread/WARN]: Boat (vehicle of DarthVerna) moved too quickly! -3.5248307750871106,0.0,19.958287036981005
[22:02:28] [Server thread/WARN]: Boat (vehicle of DarthVerna) moved too quickly! -3.7586022105657264,0.0,20.27174276017172
[22:02:28] [Server thread/WARN]: Boat (vehicle of DarthVerna) moved too quickly! -3.9982320983480975,0.0,20.581152711908317
[22:02:28] [Server thread/WARN]: Boat (vehicle of DarthVerna) moved too quickly! -4.243345712715978,0.0,20.88669361391419
[22:02:28] [Server thread/WARN]: Boat (vehicle of DarthVerna) moved too quickly! -4.493580852262738,0.0,21.18854845817691
[22:02:28] [Server thread/WARN]: Boat (vehicle of DarthVerna) moved too quickly! -4.7485947812379266,0.0,21.4868978072177
[22:02:28] [Server thread/WARN]: Boat (vehicle of DarthVerna) moved too quickly! -5.008060060845537,0.0,21.78192320539722
[22:02:39] [Server thread/WARN]: Boat (vehicle of DarthVerna) moved too quickly! 71.51801579439983,0.0,-32.424591309743164
[22:02:39] [Server thread/WARN]: Boat (vehicle of DarthVerna) moved too quickly! 71.51801579439983,0.0,-32.424591309743164
[22:02:39] [Server thread/WARN]: Boat (vehicle of DarthVerna) moved too quickly! 71.51801579439983,0.0,-32.424591309743164
[22:02:39] [Server thread/WARN]: Boat moved wrongly!
[22:02:39] [Server thread/WARN]: Boat moved wrongly!
[22:02:39] [Server thread/WARN]: Boat moved wrongly!
[22:02:39] [Server thread/WARN]: Boat moved wrongly!
[22:02:39] [Server thread/WARN]: Boat moved wrongly!
[22:02:39] [Server thread/WARN]: Boat (vehicle of DarthVerna) moved too quickly! 70.76641001174919,0.0,-32.4676152802507
[22:02:39] [Server thread/WARN]: Boat (vehicle of DarthVerna) moved too quickly! 70.40710736588683,0.0,-32.44165841578456
[22:02:39] [Server thread/WARN]: Boat (vehicle of DarthVerna) moved too quickly! 70.05845424375185,0.0,-32.387299114574205
[22:02:39] [Server thread/WARN]: Boat (vehicle of DarthVerna) moved too quickly! 69.72013889053663,0.0,-32.30677829068003
[22:02:39] [Server thread/WARN]: Boat (vehicle of DarthVerna) moved too quickly! 69.39181787009848,0.0,-32.20218810511142
[22:02:39] [Server thread/WARN]: Boat (vehicle of DarthVerna) moved too quickly! 69.07312138444915,0.0,-32.07547767878367
[22:02:39] [Server thread/WARN]: Boat (vehicle of DarthVerna) moved too quickly! 68.76366212186154,0.0,-31.92845689493771
[22:02:39] [Server thread/WARN]: Boat (vehicle of DarthVerna) moved too quickly! 68.46304090862294,0.0,-31.762802905857654
[22:02:39] [Server thread/WARN]: Boat (vehicle of DarthVerna) moved too quickly! 68.17084915251935,0.0,-31.580068700928166
[22:02:39] [Server thread/WARN]: Boat (vehicle of DarthVerna) moved too quickly! 67.88667467785469,0.0,-31.381689204834913
[22:02:39] [Server thread/WARN]: Boat (vehicle of DarthVerna) moved too quickly! 67.61010738116182,0.0,-31.168987272584502
[22:02:39] [Server thread/WARN]: Boat (vehicle of DarthVerna) moved too quickly! 67.34074136346199,0.0,-30.943181506460746
[22:02:39] [Server thread/WARN]: Boat (vehicle of DarthVerna) moved too quickly! 67.07817704487583,0.0,-30.70539354833045
[22:02:39] [Server thread/WARN]: Boat (vehicle of DarthVerna) moved too quickly! 66.8220232428621,0.0,-30.456654877411438
[22:02:39] [Server thread/WARN]: Boat (vehicle of DarthVerna) moved too quickly! 66.5719025146028,0.0,-30.197911248157993
[22:02:39] [Server thread/WARN]: Boat (vehicle of DarthVerna) moved too quickly! 66.32744942540272,0.0,-29.930030666692574
[22:02:39] [Server thread/WARN]: Boat (vehicle of DarthVerna) moved too quickly! 66.08831240075226,0.0,-29.65380879263114
[22:02:40] [Server thread/WARN]: Boat (vehicle of DarthVerna) moved too quickly! 65.85415209443939,0.0,-29.369975741601706
[22:02:40] [Server thread/WARN]: Boat (vehicle of DarthVerna) moved too quickly! 65.62464672223045,0.0,-29.07919866103481
[22:02:40] [Server thread/WARN]: Boat (vehicle of DarthVerna) moved too quickly! 65.3994867722342,0.0,-28.782089558078894
[22:02:40] [Server thread/WARN]: Boat (vehicle of DarthVerna) moved too quickly! 65.17838043848617,0.0,-28.47920700638332
[22:02:40] [Server thread/WARN]: Boat (vehicle of DarthVerna) moved too quickly! 64.96105175722342,0.0,-28.17106132553664
[22:02:40] [Server thread/WARN]: Boat (vehicle of DarthVerna) moved too quickly! 64.74723894815814,0.0,-27.85811925746225
[22:02:40] [Server thread/WARN]: Boat (vehicle of DarthVerna) moved too quickly! 64.53669292348668,0.0,-27.540808190075552
[22:02:40] [Server thread/WARN]: Boat (vehicle of DarthVerna) moved too quickly! 64.32918280611976,0.0,-27.21951652385758
[22:02:40] [Server thread/WARN]: Boat (vehicle of DarthVerna) moved too quickly! 64.12448722613668,0.0,-26.894600953162865
[22:02:40] [Server thread/WARN]: Boat (vehicle of DarthVerna) moved too quickly! 63.94026120903224,0.0,-26.60217694728425
[22:02:40] [Server thread/WARN]: Boat (vehicle of DarthVerna) moved too quickly! 63.774457798030525,0.0,-26.338995348965398
[22:02:40] [Server thread/WARN]: Boat (vehicle of DarthVerna) moved too quickly! 63.625234732082035,0.0,-26.102131916753194
[22:02:40] [Server thread/WARN]: Boat (vehicle of DarthVerna) moved too quickly! 63.49093397628617,0.0,-25.888954833409457
[22:02:40] [Server thread/WARN]: Boat (vehicle of DarthVerna) moved too quickly! 63.37006329927188,0.0,-25.69709546348264
[22:02:40] [Server thread/WARN]: Boat (vehicle of DarthVerna) moved too quickly! 63.26127969284077,0.0,-25.524422035122768
[22:02:40] [Server thread/WARN]: Boat (vehicle of DarthVerna) moved too quickly! 63.16337444964638,0.0,-25.369015953715746
[22:02:40] [Server thread/WARN]: Boat (vehicle of DarthVerna) moved too quickly! 63.07525973310568,0.0,-25.229150484154616
[22:02:40] [Server thread/WARN]: Boat (vehicle of DarthVerna) moved too quickly! 62.99595649031987,0.0,-25.103271564884267
[22:02:40] [Server thread/WARN]: Boat (vehicle of DarthVerna) moved too quickly! 62.92458357370337,0.0,-24.989980540542092
[22:02:40] [Server thread/WARN]: Boat (vehicle of DarthVerna) moved too quickly! 62.86034795045019,0.0,-24.88801862133522
[22:02:40] [Server thread/WARN]: Boat (vehicle of DarthVerna) moved too quickly! 62.802535891053836,0.0,-24.796252896479984
[22:02:41] [Server thread/WARN]: Boat (vehicle of DarthVerna) moved too quickly! 62.75050503897545,0.0,-24.713663746298153
[22:02:41] [Server thread/WARN]: Boat (vehicle of DarthVerna) moved too quickly! 62.703677273345406,0.0,-24.639333513103566
[22:02:41] [Server thread/WARN]: Boat (vehicle of DarthVerna) moved too quickly! 62.66153228539484,0.0,-24.572436305000622
[22:02:41] [Server thread/WARN]: Boat (vehicle of DarthVerna) moved too quickly! 62.606288415587144,0.0,-24.476169883034856
[22:02:41] [Server thread/WARN]: Boat (vehicle of DarthVerna) moved too quickly! 62.53926938256056,0.0,-24.35346453455071
[22:02:41] [Server thread/WARN]: Boat (vehicle of DarthVerna) moved too quickly! 62.461039773454345,0.0,-24.207264616119403
[22:02:41] [Server thread/WARN]: Boat (vehicle of DarthVerna) moved too quickly! 62.37155778746383,0.0,-24.040526032754087
[22:02:41] [Server thread/WARN]: Boat (vehicle of DarthVerna) moved too quickly! 62.27031534440464,0.0,-23.8562392229465
[22:02:41] [Server thread/WARN]: Boat (vehicle of DarthVerna) moved too quickly! 62.156482572312555,0.0,-23.65745621544579
[22:02:41] [Server thread/WARN]: Boat (vehicle of DarthVerna) moved too quickly! 62.029032712830045,0.0,-23.447326817468877
[22:02:41] [Server thread/WARN]: Boat (vehicle of DarthVerna) moved too quickly! 61.88686588514797,0.0,-23.229127019214104
[22:02:41] [Server thread/WARN]: Boat (vehicle of DarthVerna) moved too quickly! 61.72892743611776,0.0,-23.00627644051565
[22:02:41] [Server thread/WARN]: Boat (vehicle of DarthVerna) moved too quickly! 61.55431967634398,0.0,-22.782341215970405
[22:02:41] [Server thread/WARN]: Boat (vehicle of DarthVerna) moved too quickly! 61.362405188203766,0.0,-22.561020226352127
[22:02:41] [Server thread/WARN]: Boat (vehicle of DarthVerna) moved too quickly! 61.15289648010308,0.0,-22.346121020648695
[22:02:41] [Server thread/WARN]: Boat (vehicle of DarthVerna) moved too quickly! 60.92594178640336,0.0,-22.14150099078205
[22:02:41] [Server thread/WARN]: Boat (vehicle of DarthVerna) moved too quickly! 60.682186257429365,0.0,-21.951015148304464
[22:02:41] [Server thread/WARN]: Boat (vehicle of DarthVerna) moved too quickly! 60.42282294010606,0.0,-21.778423734256307
[22:02:41] [Server thread/WARN]: Boat (vehicle of DarthVerna) moved too quickly! 60.14961900589891,0.0,-21.62730972462282
[22:02:41] [Server thread/WARN]: Boat (vehicle of DarthVerna) moved too quickly! 59.864759308954135,0.0,-21.500299265324827
[22:02:42] [Server thread/WARN]: Boat (vehicle of DarthVerna) moved too quickly! 59.57061904993502,0.0,-21.399168952309424
[22:02:42] [Server thread/WARN]: Boat (vehicle of DarthVerna) moved too quickly! 59.269596694603976,0.0,-21.324962118121675
[22:02:42] [Server thread/WARN]: Boat (vehicle of DarthVerna) moved too quickly! 58.96400429189622,0.0,-21.278121698645805
[22:02:42] [Server thread/WARN]: Boat (vehicle of DarthVerna) moved too quickly! 58.65598973357312,0.0,-21.258597755335813
[22:02:42] [Server thread/WARN]: Boat (vehicle of DarthVerna) moved too quickly! 58.34749689198294,0.0,-21.26595765812806
[22:02:42] [Server thread/WARN]: Boat (vehicle of DarthVerna) moved too quickly! 58.04024106520369,0.0,-21.299472332615892
[22:02:42] [Server thread/WARN]: Boat (vehicle of DarthVerna) moved too quickly! 57.73570450202074,0.0,-21.358195048520656
[22:02:42] [Server thread/WARN]: Boat (vehicle of DarthVerna) moved too quickly! 57.4351422128983,0.0,-21.441026184447367
[22:02:42] [Server thread/WARN]: Boat (vehicle of DarthVerna) moved too quickly! 57.13959091583085,0.0,-21.546762914467934
[22:02:42] [Server thread/WARN]: Boat (vehicle of DarthVerna) moved too quickly! 56.849887080700384,0.0,-21.674143140008653
[22:02:42] [Server thread/WARN]: Boat (vehicle of DarthVerna) moved too quickly! 56.56668590914849,0.0,-21.821879164940924
[22:02:42] [Server thread/WARN]: Boat (vehicle of DarthVerna) moved too quickly! 56.29048277318775,0.0,-21.98868487764372
[22:02:42] [Server thread/WARN]: Boat (vehicle of DarthVerna) moved too quickly! 56.021629345317436,0.0,-22.173293377088555
[22:02:42] [Server thread/WARN]: Boat (vehicle of DarthVerna) moved too quickly! 55.76035376130473,0.0,-22.374472724556938
[22:02:42] [Server thread/WARN]: Boat (vehicle of DarthVerna) moved too quickly! 55.50677738646719,0.0,-22.591036182553978
[22:02:42] [Server thread/WARN]: Boat (vehicle of DarthVerna) moved too quickly! 55.26093133956341,0.0,-22.821849801878273
[22:02:42] [Server thread/WARN]: Boat (vehicle of DarthVerna) moved too quickly! 55.02276903598768,0.0,-23.065836165444523
[22:02:42] [Server thread/WARN]: Boat (vehicle of DarthVerna) moved too quickly! 54.792185273677674,0.0,-23.321979832710326
[22:02:42] [Server thread/WARN]: Boat (vehicle of DarthVerna) moved too quickly! 54.56902366693389,0.0,-23.589326353701495
[22:02:42] [Server thread/WARN]: Boat (vehicle of DarthVerna) moved too quickly! 54.35308372335605,0.0,-23.866980837742688
[22:02:43] [Server thread/WARN]: Boat (vehicle of DarthVerna) moved too quickly! 54.143487149538984,0.0,-24.153848484070465
[22:02:43] [Server thread/WARN]: Boat (vehicle of DarthVerna) moved too quickly! 53.93881958192698,0.0,-24.448676566961012
[22:02:43] [Server thread/WARN]: Boat (vehicle of DarthVerna) moved too quickly! 53.73725701022842,0.0,-24.750057498912838
[22:02:43] [Server thread/WARN]: Boat (vehicle of DarthVerna) moved too quickly! 53.536697878532365,0.0,-25.056416842812382
[22:02:43] [Server thread/WARN]: Boat (vehicle of DarthVerna) moved too quickly! 53.33487582119939,0.0,-25.36598558398822
[22:02:43] [Server thread/WARN]: Boat (vehicle of DarthVerna) moved too quickly! 53.12947582143086,0.0,-25.676775931294458
[22:02:43] [Server thread/WARN]: Boat (vehicle of DarthVerna) moved too quickly! 52.918237187493915,0.0,-25.986556613733626
[22:02:43] [Server thread/WARN]: Boat (vehicle of DarthVerna) moved too quickly! 52.699065420291944,0.0,-26.29284904848896
[22:02:43] [Server thread/WARN]: Boat (vehicle of DarthVerna) moved too quickly! 52.47012423101266,0.0,-26.59292450682682
[22:02:43] [Server thread/WARN]: Boat (vehicle of DarthVerna) moved too quickly! 52.23030150125372,0.0,-26.88442146847825
[22:02:43] [Server thread/WARN]: Boat (vehicle of DarthVerna) moved too quickly! 51.97904418260448,0.0,-27.16536026508635
[22:02:43] [Server thread/WARN]: Boat (vehicle of DarthVerna) moved too quickly! 51.71622096223824,0.0,-27.434133877764452
[22:02:43] [Server thread/WARN]: Boat (vehicle of DarthVerna) moved too quickly! 51.442011853201265,0.0,-27.689487661326723
[22:02:43] [Server thread/WARN]: Boat (vehicle of DarthVerna) moved too quickly! 51.15681928256565,0.0,-27.930491038743526
[22:02:43] [Server thread/WARN]: Boat (vehicle of DarthVerna) moved too quickly! 50.86119583799909,0.0,-28.156498285418706
[22:02:43] [Server thread/WARN]: Boat (vehicle of DarthVerna) moved too quickly! 50.555789633239485,0.0,-28.36711326251418
[22:02:43] [Server thread/WARN]: Boat (vehicle of DarthVerna) moved too quickly! 50.241302546625704,0.0,-28.562156347014195
[22:02:43] [Server thread/WARN]: Boat (vehicle of DarthVerna) moved too quickly! 49.91845791823788,0.0,-28.741627253128
[22:02:43] [Server thread/WARN]: Boat (vehicle of DarthVerna) moved too quickly! 49.58797757189946,0.0,-28.905676616527444
[22:02:43] [Server thread/WARN]: Boat (vehicle of DarthVerna) moved too quickly! 49.25056492359984,0.0,-29.05457486354186
[22:02:44] [Server thread/WARN]: Boat (vehicle of DarthVerna) moved too quickly! 48.906893705530976,0.0,-29.18869449576806
[22:02:44] [Server thread/WARN]: Boat (vehicle of DarthVerna) moved too quickly! 48.59758961746276,0.0,-29.309402161573985
[22:02:44] [Server thread/WARN]: Boat (vehicle of DarthVerna) moved too quickly! 48.31921594557575,0.0,-29.41803905792142
[22:02:44] [Server thread/WARN]: Boat (vehicle of DarthVerna) moved too quickly! 48.0686796475144,0.0,-29.515812262043994
[22:02:44] [Server thread/WARN]: Boat (vehicle of DarthVerna) moved too quickly! 47.84319698523244,0.0,-29.603808143423237
[22:02:44] [Server thread/WARN]: Boat (vehicle of DarthVerna) moved too quickly! 47.640262594554585,0.0,-29.683004434566556
[22:02:44] [Server thread/WARN]: Boat (vehicle of DarthVerna) moved too quickly! 47.45762164778286,0.0,-29.754281094707324
[22:02:44] [Server thread/WARN]: Boat (vehicle of DarthVerna) moved too quickly! 47.293244800042814,0.0,-29.818430087134686
[22:02:44] [Server thread/WARN]: Boat (vehicle of DarthVerna) moved too quickly! 47.1453056409958,0.0,-29.87616417878985
[22:02:44] [Server thread/WARN]: Boat (vehicle of DarthVerna) moved too quickly! 47.012160401380655,0.0,-29.92812485990305
[22:02:44] [Server thread/WARN]: Boat (vehicle of DarthVerna) moved too quickly! 46.89232968890143,0.0,-29.974889471666074
[22:02:44] [Server thread/WARN]: Boat (vehicle of DarthVerna) moved too quickly! 46.78448205052713,0.0,-30.016977621137812
[22:02:44] [Server thread/WARN]: Boat (vehicle of DarthVerna) moved too quickly! 46.68741917856154,0.0,-30.05485695465893
[22:02:44] [Server thread/WARN]: Boat (vehicle of DarthVerna) moved too quickly! 46.60006259610667,0.0,-30.08894835392482
[22:02:44] [Server thread/WARN]: Boat (vehicle of DarthVerna) moved too quickly! 46.521441673980036,0.0,-30.119630612451317
[22:02:44] [Server thread/WARN]: Boat (vehicle of DarthVerna) moved too quickly! 46.450682845940534,0.0,-30.147244644393652
[22:02:44] [Server thread/WARN]: Boat (vehicle of DarthVerna) moved too quickly! 46.38699990239199,0.0,-30.17209727248337
[22:02:44] [Server thread/WARN]: Boat (vehicle of DarthVerna) moved too quickly! 46.32968525471664,0.0,-30.19446463717162
[22:02:44] [Server thread/WARN]: Boat (vehicle of DarthVerna) moved too quickly! 46.278102073175305,0.0,-30.214595264857735
[22:02:44] [Server thread/WARN]: Boat (vehicle of DarthVerna) moved too quickly! 46.23167721101795,0.0,-30.23271282929528
[22:02:45] [Server thread/WARN]: Boat (vehicle of DarthVerna) moved too quickly! 46.18989483618317,0.0,-30.2490186368571
[22:02:45] [Server thread/WARN]: Boat (vehicle of DarthVerna) moved too quickly! 46.15229069982804,0.0,-30.263693863274
[22:02:45] [Server thread/WARN]: Boat (vehicle of DarthVerna) moved too quickly! 46.118446978005,0.0,-30.276901566699337
[22:02:45] [Server thread/WARN]: Boat (vehicle of DarthVerna) moved too quickly! 46.08798762917114,0.0,-30.288788499467216
[22:02:45] [Server thread/WARN]: Boat (vehicle of DarthVerna) moved too quickly! 46.06057421594686,0.0,-30.299486738674943
[22:02:45] [Server thread/WARN]: Boat (vehicle of DarthVerna) moved too quickly! 46.035902144698625,0.0,-30.309115153706784
[22:02:45] [Server thread/WARN]: Boat (vehicle of DarthVerna) moved too quickly! 46.01369728116343,0.0,-30.317780727005925
[22:02:45] [Server thread/WARN]: Boat (vehicle of DarthVerna) moved too quickly! 45.993712904511156,0.0,-30.325579742768525
[22:02:45] [Server thread/WARN]: Boat (vehicle of DarthVerna) moved too quickly! 45.97572696600058,0.0,-30.332598856768925
[22:02:45] [Server thread/WARN]: Boat (vehicle of DarthVerna) moved too quickly! 45.95953962176988,0.0,-30.33891605920195
[22:02:45] [Server thread/WARN]: Boat (vehicle of DarthVerna) moved too quickly! 45.94497101234818,0.0,-30.344601541241047
[22:02:45] [Server thread/WARN]: Boat (vehicle of DarthVerna) moved too quickly! 45.93185926421599,0.0,-30.349718474940687
[22:02:45] [Server thread/WARN]: Boat (vehicle of DarthVerna) moved too quickly! 45.92005869120963,0.0,-30.354323715148382
[22:02:45] [Server thread/WARN]: Boat (vehicle of DarthVerna) moved too quickly! 45.90943817578524,0.0,-30.358468431225504
[22:02:45] [Server thread/WARN]: Boat (vehicle of DarthVerna) moved too quickly! 45.89987971215653,0.0,-30.362198675596062
[22:02:45] [Server thread/WARN]: Boat (vehicle of DarthVerna) moved too quickly! 45.891277095118554,0.0,-30.36555589544065
[22:02:45] [Server thread/WARN]: Boat (vehicle of DarthVerna) moved too quickly! 45.883534739989486,0.0,-30.368577393220733
[22:02:45] [Server thread/WARN]: Boat (vehicle of DarthVerna) moved too quickly! 45.83780292981807,0.0,-30.36142880477803
[22:02:45] [Server thread/WARN]: Boat (vehicle of DarthVerna) moved too quickly! 45.75788534585821,0.0,-30.345108558160575
[22:02:45] [Server thread/WARN]: Boat (vehicle of DarthVerna) moved too quickly! 45.64720530859837,0.0,-30.320515241381827
[22:02:46] [Server thread/WARN]: Boat (vehicle of DarthVerna) moved too quickly! 45.508843817572384,0.0,-30.28845758456373
[22:02:46] [Server thread/WARN]: Boat (vehicle of DarthVerna) moved too quickly! 45.34557282606356,0.0,-30.249667162636513
[22:02:46] [Server thread/WARN]: Boat (vehicle of DarthVerna) moved too quickly! 45.15988614573702,0.0,-30.204806108065725
[22:02:46] [Server thread/WARN]: Boat (vehicle of DarthVerna) moved too quickly! 44.95402821075719,0.0,-30.15447034191709
[22:02:46] [Server thread/WARN]: Boat (vehicle of DarthVerna) moved too quickly! 44.730019011818555,0.0,-30.09919619406702
[22:02:46] [Server thread/WARN]: Boat (vehicle of DarthVerna) moved too quickly! 44.48967654794858,0.0,-30.03946636139142
[22:02:46] [Server thread/WARN]: Boat (vehicle of DarthVerna) moved too quickly! 44.23463605710374,0.0,-29.975718985181572
[22:02:46] [Server thread/WARN]: Boat (vehicle of DarthVerna) moved too quickly! 43.96636926085644,0.0,-29.90834839258912
[22:02:46] [Server thread/WARN]: Boat (vehicle of DarthVerna) moved too quickly! 43.68620070858681,0.0,-29.837709479903822
[22:02:46] [Server thread/WARN]: Boat (vehicle of DarthVerna) moved too quickly! 43.3953224947053,0.0,-29.76412165284671
[22:02:46] [Server thread/WARN]: Boat (vehicle of DarthVerna) moved too quickly! 43.09480654675336,0.0,-29.687876090673456
[22:02:46] [Server thread/WARN]: Boat (vehicle of DarthVerna) moved too quickly! 42.78561856061761,0.0,-29.609231141524162
[22:02:46] [Server thread/WARN]: Boat (vehicle of DarthVerna) moved too quickly! 42.46862669772277,0.0,-29.528423031901866
[22:02:46] [Server thread/WARN]: Boat (vehicle of DarthVerna) moved too quickly! 42.14461230705574,0.0,-29.445664364722347
[22:02:46] [Server thread/WARN]: Boat (vehicle of DarthVerna) moved too quickly! 41.81427860641132,0.0,-29.361146483536004
[22:02:46] [Server thread/WARN]: Boat (vehicle of DarthVerna) moved too quickly! 41.47825848806282,0.0,-29.275041597533743
[22:02:46] [Server thread/WARN]: Boat (vehicle of DarthVerna) moved too quickly! 41.13712155504116,0.0,-29.187504694983147
[22:02:46] [Server thread/WARN]: Boat (vehicle of DarthVerna) moved too quickly! 40.79138045378578,0.0,-29.098675265321447
[22:02:46] [Server thread/WARN]: Boat (vehicle of DarthVerna) moved too quickly! 40.441495601229875,0.0,-29.008682561290584
[22:02:47] [Server thread/WARN]: Boat (vehicle of DarthVerna) moved too quickly! 40.08788233745243,0.0,-28.91763919810336
[22:02:47] [Server thread/WARN]: Boat (vehicle of DarthVerna) moved too quickly! 39.730913503664524,0.0,-28.825650241700544
[22:02:47] [Server thread/WARN]: Boat (vehicle of DarthVerna) moved too quickly! 39.40964156176621,0.0,-28.7428601831312
[22:02:47] [Server thread/WARN]: Boat (vehicle of DarthVerna) moved too quickly! 39.12049682171745,0.0,-28.66834913239262
[22:02:47] [Server thread/WARN]: Boat (vehicle of DarthVerna) moved too quickly! 38.860266562567304,0.0,-28.60128918850438
[22:02:47] [Server thread/WARN]: Boat (vehicle of DarthVerna) moved too quickly! 38.62605933553654,0.0,-28.5409352406038
[22:02:47] [Server thread/WARN]: Boat (vehicle of DarthVerna) moved too quickly! 38.415272836792795,0.0,-28.48661668893226
[22:02:47] [Server thread/WARN]: Boat (vehicle of DarthVerna) moved too quickly! 38.225564992948975,0.0,-28.437729993722883
[22:02:47] [Server thread/WARN]: Boat (vehicle of DarthVerna) moved too quickly! 38.05482793801251,0.0,-28.39373196920002
[22:02:47] [Server thread/WARN]: Boat (vehicle of DarthVerna) moved too quickly! 37.9011645926404,0.0,-28.354133748178413
[22:02:47] [Server thread/WARN]: Boat (vehicle of DarthVerna) moved too quickly! 37.762867585469095,0.0,-28.31849535020308
[22:02:47] [Server thread/WARN]: Boat (vehicle of DarthVerna) moved too quickly! 37.63840028231219,0.0,-28.286420792874992
[22:02:47] [Server thread/WARN]: Boat (vehicle of DarthVerna) moved too quickly! 37.526379712438526,0.0,-28.257553692044382
[22:02:47] [Server thread/WARN]: Boat (vehicle of DarthVerna) moved too quickly! 37.425561202222994,0.0,-28.231573301985122
[22:02:47] [Server thread/WARN]: Boat (vehicle of DarthVerna) moved too quickly! 37.33482454543271,0.0,-28.208190951551217
[22:02:47] [Server thread/WARN]: Boat (vehicle of DarthVerna) moved too quickly! 37.253161556484784,0.0,-28.18714683671817
[22:02:47] [Server thread/WARN]: Boat (vehicle of DarthVerna) moved too quickly! 37.17966486837865,0.0,-28.16820713387017
[22:02:47] [Server thread/WARN]: Boat (vehicle of DarthVerna) moved too quickly! 37.113517850835436,0.0,-28.151161401758486
[22:02:47] [Server thread/WARN]: Boat (vehicle of DarthVerna) moved too quickly! 37.053985536623586,0.0,-28.13582024326439
[22:02:47] [Server thread/WARN]: Boat (vehicle of DarthVerna) moved too quickly! 37.0004064552523,0.0,-28.122013200985464
[22:02:47] [Server thread/WARN]: Boat (vehicle of DarthVerna) moved too quickly! 36.95218528329558,0.0,-28.109586863263644
[22:02:48] [Server thread/WARN]: Boat (vehicle of DarthVerna) moved too quickly! 36.908786229684196,0.0,-28.098403159610257
[22:02:48] [Server thread/WARN]: Boat (vehicle of DarthVerna) moved too quickly! 36.86972708246866,0.0,-28.088337826588827
[22:02:48] [Server thread/WARN]: Boat (vehicle of DarthVerna) moved too quickly! 36.834573850905926,0.0,-28.07927902710952
[22:02:48] [Server thread/WARN]: Boat (vehicle of DarthVerna) moved too quickly! 36.8029359433376,0.0,-28.071126107794157
[22:02:48] [Server thread/WARN]: Boat (vehicle of DarthVerna) moved too quickly! 36.774461827280405,0.0,-28.06378848060467
[22:02:48] [Server thread/WARN]: Boat (vehicle of DarthVerna) moved too quickly! 36.74883512350779,0.0,-28.057184616309087
[22:02:48] [Server thread/WARN]: Boat (vehicle of DarthVerna) moved too quickly! 36.72577109072343,0.0,-28.051241138600517
[22:02:48] [Server thread/WARN]: Boat (vehicle of DarthVerna) moved too quickly! 36.70501346176739,0.0,-28.045892008804515
[22:02:48] [Server thread/WARN]: Boat (vehicle of DarthVerna) moved too quickly! 36.68633159620187,0.0,-28.04107779211563
[22:02:48] [Server thread/WARN]: Boat (vehicle of DarthVerna) moved too quickly! 36.669517917638316,0.0,-28.036744997210405
[22:02:48] [Server thread/WARN]: Boat (vehicle of DarthVerna) moved too quickly! 36.654385607331974,0.0,-28.032845481899017
[22:02:48] [Server thread/WARN]: Boat (vehicle of DarthVerna) moved too quickly! 36.640766528417046,0.0,-28.029335918211757
[22:02:48] [Server thread/WARN]: Boat (vehicle of DarthVerna) moved too quickly! 36.6285093577183,0.0,-28.02617731097689
[22:02:48] [Server thread/WARN]: Boat (vehicle of DarthVerna) moved too quickly! 36.61747790438169,0.0,-28.02333456454079
[22:02:48] [Server thread/WARN]: Boat (vehicle of DarthVerna) moved too quickly! 36.60754959664176,0.0,-28.020776092816106
[22:02:48] [Server thread/WARN]: Boat (vehicle of DarthVerna) moved too quickly! 36.59861411991251,0.0,-28.018473468324885
[22:02:48] [Server thread/WARN]: Boat (vehicle of DarthVerna) moved too quickly! 36.59057219106923,0.0,-28.016401106337696
[22:02:48] [Server thread/WARN]: Boat (vehicle of DarthVerna) moved too quickly! 36.583334455301994,0.0,-28.014535980598623
[22:02:48] [Server thread/WARN]: Boat (vehicle of DarthVerna) moved too quickly! 36.576820493284075,0.0,-28.01285736747792
[22:02:48] [Server thread/WARN]: Boat (vehicle of DarthVerna) moved too quickly! 36.57095792762324,0.0,-28.01134661570933
[22:02:49] [Server thread/WARN]: Boat (vehicle of DarthVerna) moved too quickly! 36.56568161866825,0.0,-28.009986939153578
[22:02:49] [Server thread/WARN]: Boat (vehicle of DarthVerna) moved too quickly! 36.56093294073459,0.0,-28.008763230285865
[22:02:49] [Server thread/WARN]: Boat (vehicle of DarthVerna) moved too quickly! 36.55665913070747,0.0,-28.007661892334056
[22:02:49] [Server thread/WARN]: Boat (vehicle of DarthVerna) moved too quickly! 36.55281270178499,0.0,-28.006670688203712
[22:02:49] [Server thread/WARN]: Boat (vehicle of DarthVerna) moved too quickly! 36.54935091584646,0.0,-28.00577860451
[22:02:49] [Server thread/WARN]: Boat (vehicle of DarthVerna) moved too quickly! 36.546235308584315,0.0,-28.004975729206933
[22:02:49] [Server thread/WARN]: Boat (vehicle of DarthVerna) moved too quickly! 36.54343126212267,0.0,-28.00425314145332
[22:02:49] [Server thread/WARN]: Boat (vehicle of DarthVerna) moved too quickly! 36.54090762037403,0.0,-28.003602812492318
[22:02:49] [Server thread/WARN]: Boat (vehicle of DarthVerna) moved too quickly! 36.538636342860414,0.0,-28.003017516442924
[22:02:49] [Server thread/WARN]: Boat (vehicle of DarthVerna) moved too quickly! 36.536592193152345,0.0,-28.002490750012385
[22:02:49] [Server thread/WARN]: Boat (vehicle of DarthVerna) moved too quickly! 36.534752458463785,0.0,-28.002016660237473
[22:02:49] [Server thread/WARN]: Boat (vehicle of DarthVerna) moved too quickly! 36.533096697287974,0.0,-28.001589979451353
[22:02:49] [Server thread/WARN]: Boat (vehicle of DarthVerna) moved too quickly! 36.53160651226919,0.0,-28.001205966754014
[22:02:49] [Server thread/WARN]: Boat (vehicle of DarthVerna) moved too quickly! 36.53026534578784,0.0,-28.00086035533559
[22:02:49] [Server thread/WARN]: Boat (vehicle of DarthVerna) moved too quickly! 36.52905829598659,0.0,-28.00054930506724
[22:02:49] [Server thread/WARN]: Boat (vehicle of DarthVerna) moved too quickly! 36.52797195119423,0.0,-28.000269359833112
[22:02:49] [Server thread/WARN]: Boat (vehicle of DarthVerna) moved too quickly! 36.52699424090703,0.0,-28.0000174091291
[22:02:49] [Server thread/WARN]: Boat (vehicle of DarthVerna) moved too quickly! 36.52611430167185,0.0,-27.999790653501464
[22:02:49] [Server thread/WARN]: Boat (vehicle of DarthVerna) moved too quickly! 36.52532235638115,0.0,-27.999586573442002
[22:02:49] [Server thread/WARN]: Boat (vehicle of DarthVerna) moved too quickly! 36.52460960563842,0.0,-27.999402901393353
[22:02:50] [Server thread/WARN]: Boat (vehicle of DarthVerna) moved too quickly! 36.523968129986955,0.0,-27.99923759655394
[22:02:50] [Server thread/WARN]: Boat (vehicle of DarthVerna) moved too quickly! 36.52339080191594,0.0,-27.999088822202452
[22:02:50] [Server thread/WARN]: Boat (vehicle of DarthVerna) moved too quickly! 36.52287120666578,0.0,-27.998954925289638
[22:02:50] [Server thread/WARN]: Boat (vehicle of DarthVerna) moved too quickly! 36.52240357095302,0.0,-27.998834418071283
[22:02:50] [Server thread/WARN]: Boat (vehicle of DarthVerna) moved too quickly! 36.5219826988227,0.0,-27.998725961577634
[22:02:50] [Server thread/WARN]: Boat (vehicle of DarthVerna) moved too quickly! 36.52160391391543,0.0,-27.99862835073594
[22:02:50] [Server thread/WARN]: Boat (vehicle of DarthVerna) moved too quickly! 36.521263007507926,0.0,-27.998540500980766
[22:02:50] [Server thread/WARN]: Boat (vehicle of DarthVerna) moved too quickly! 36.520956191749306,0.0,-27.998461436203172
[22:02:50] [Server thread/WARN]: Boat (vehicle of DarthVerna) moved too quickly! 36.52068005757384,0.0,-27.99839027790523
[22:02:50] [Server thread/WARN]: Boat (vehicle of DarthVerna) moved too quickly! 36.52043153682253,0.0,-27.99832623543881
[22:02:50] [Server thread/WARN]: Boat (vehicle of DarthVerna) moved too quickly! 36.52020786815227,0.0,-27.998268597220545
[22:02:50] [Server thread/WARN]: Boat (vehicle of DarthVerna) moved too quickly! 36.520006566354354,0.0,-27.998216722825475
[22:02:50] [Server thread/WARN]: Boat (vehicle of DarthVerna) moved too quickly! 36.519825394741034,0.0,-27.99817003587117
[22:02:50] [Server thread/WARN]: Boat (vehicle of DarthVerna) moved too quickly! 36.51966234029338,0.0,-27.998128017613396
[22:02:50] [Server thread/WARN]: Boat (vehicle of DarthVerna) moved too quickly! 36.519515591294365,0.0,-27.99809020118238
[22:02:50] [Server thread/WARN]: Boat (vehicle of DarthVerna) moved too quickly! 36.51938351719876,0.0,-27.998056166395372
[22:02:50] [Server thread/WARN]: Boat (vehicle of DarthVerna) moved too quickly! 36.519264650515865,0.0,-27.99802553508789
[22:02:50] [Server thread/WARN]: Boat (vehicle of DarthVerna) moved too quickly! 36.51915767050407,0.0,-27.997997966911896
[22:02:51] [Server thread/WARN]: Boat (vehicle of DarthVerna) moved too quickly! 36.51906138849604,0.0,-27.99797315555412
[22:02:51] [Server thread/WARN]: Boat (vehicle of DarthVerna) moved too quickly! 36.5189747346911,0.0,-27.997950825332737
[22:02:51] [Server thread/WARN]: Boat (vehicle of DarthVerna) moved too quickly! 36.51889674626871,0.0,-27.99793072813401
[22:02:51] [Server thread/WARN]: Boat (vehicle of DarthVerna) moved too quickly! 36.5188265566904,0.0,-27.99791264065567
[22:02:51] [Server thread/WARN]: Boat (vehicle of DarthVerna) moved too quickly! 36.518763386071626,0.0,-27.997896361925598
[22:02:51] [Server thread/WARN]: Boat (vehicle of DarthVerna) moved too quickly! 36.51870653251622,0.0,-27.997881711068885
[22:02:51] [Server thread/WARN]: Boat (vehicle of DarthVerna) moved too quickly! 36.518655364317695,0.0,-27.997868525298202
[22:02:51] [Server thread/WARN]: Boat (vehicle of DarthVerna) moved too quickly! 36.51860931294026,0.0,-27.997856658104922
[22:02:51] [Server thread/WARN]: Boat (vehicle of DarthVerna) moved too quickly! 36.51856786670167,0.0,-27.997845977631243
[22:02:51] [Server thread/WARN]: Boat (vehicle of DarthVerna) moved too quickly! 36.518530565087914,0.0,-27.99783636520516
[22:02:51] [Server thread/WARN]: Boat (vehicle of DarthVerna) moved too quickly! 36.51849699363645,0.0,-27.997827714021923
[22:02:51] [Server thread/WARN]: Boat (vehicle of DarthVerna) moved too quickly! 36.51846677933089,0.0,-27.99781992795721
[22:02:51] [Server thread/WARN]: Boat (vehicle of DarthVerna) moved too quickly! 36.51843958645664,0.0,-27.997812920499143
[22:02:51] [Server thread/WARN]: Boat (vehicle of DarthVerna) moved too quickly! 36.51841511287047,0.0,-27.997806613787077
[22:02:51] [Server thread/WARN]: Boat (vehicle of DarthVerna) moved too quickly! 36.518393086643485,0.0,-27.997800937746376
[22:02:51] [Server thread/WARN]: Boat (vehicle of DarthVerna) moved too quickly! 36.51837326303972,0.0,-27.997795829309894
[22:02:51] [Server thread/WARN]: Boat (vehicle of DarthVerna) moved too quickly! 36.51835542179681,0.0,-27.997791231717144
[22:02:51] [Server thread/WARN]: Boat (vehicle of DarthVerna) moved too quickly! 36.518339364678624,0.0,-27.9977870938838
[22:02:51] [Server thread/WARN]: Boat (vehicle of DarthVerna) moved too quickly! 36.51832491327262,0.0,-27.997783369833883
[22:02:51] [Server thread/WARN]: Boat (vehicle of DarthVerna) moved too quickly! 36.51831190700757,0.0,-27.99778001818902
[22:02:52] [Server thread/WARN]: Boat (vehicle of DarthVerna) moved too quickly! 36.51830020136934,0.0,-27.997777001708755
[22:02:52] [Server thread/WARN]: Boat (vehicle of DarthVerna) moved too quickly! 36.47957758200185,0.0,-27.98770579670662
[22:02:52] [Server thread/WARN]: Boat (vehicle of DarthVerna) moved too quickly! 36.40601514120097,0.0,-27.96857322227487
[22:02:52] [Server thread/WARN]: Boat (vehicle of DarthVerna) moved too quickly! 36.30109686194065,0.0,-27.94128541557251
[22:02:52] [Server thread/WARN]: Boat (vehicle of DarthVerna) moved too quickly! 36.167958328814464,0.0,-27.90665790002106
[22:02:52] [Server thread/WARN]: Boat (vehicle of DarthVerna) moved too quickly! 36.0094215678818,0.0,-27.865424646680367
[22:02:52] [Server thread/WARN]: Boat (vehicle of DarthVerna) moved too quickly! 35.82802640252886,0.0,-27.818246229486874
[22:02:52] [Server thread/WARN]: Boat (vehicle of DarthVerna) moved too quickly! 35.626058673742634,0.0,-27.76571716496761
[22:02:52] [Server thread/WARN]: Boat (vehicle of DarthVerna) moved too quickly! 35.40557563835695,0.0,-27.708372517982752
[22:02:52] [Server thread/WARN]: Boat (vehicle of DarthVerna) moved too quickly! 35.16842882747319,0.0,-27.64669384689364
[22:02:52] [Server thread/WARN]: Boat (vehicle of DarthVerna) moved too quickly! 34.91628461903845,0.0,-27.581114554214025
[22:02:52] [Server thread/WARN]: Boat (vehicle of DarthVerna) moved too quickly! 34.65064275316543,0.0,-27.51202470219596
[22:02:52] [Server thread/WARN]: Boat (vehicle of DarthVerna) moved too quickly! 34.37285299591973,0.0,-27.439775346857004
[22:02:52] [Server thread/WARN]: Boat (vehicle of DarthVerna) moved too quickly! 34.08413013672826,0.0,-27.364682438604518
[22:02:52] [Server thread/WARN]: Boat (vehicle of DarthVerna) moved too quickly! 33.78556748604625,0.0,-27.287030332797713
[22:02:52] [Server thread/WARN]: Boat (vehicle of DarthVerna) moved too quickly! 33.47814902325739,0.0,-27.207074949253013
[22:02:52] [Server thread/WARN]: Boat (vehicle of DarthVerna) moved too quickly! 33.16276032978345,0.0,-27.125046615799135
[22:02:52] [Server thread/WARN]: Boat (vehicle of DarthVerna) moved too quickly! 32.840198428883,0.0,-27.041152627476436
[22:02:52] [Server thread/WARN]: Boat (vehicle of DarthVerna) moved too quickly! 32.51118064146971,0.0,-26.955579549816207
[22:02:52] [Server thread/WARN]: Boat (vehicle of DarthVerna) moved too quickly! 32.176352556348775,0.0,-26.86849529179227
[22:02:52] [Server thread/WARN]: Boat (vehicle of DarthVerna) moved too quickly! 31.836295203429486,0.0,-26.780050971477067
[22:02:53] [Server thread/WARN]: Boat (vehicle of DarthVerna) moved too quickly! 31.491531509616365,0.0,-26.69038259513212
[22:02:53] [Server thread/WARN]: Boat (vehicle of DarthVerna) moved too quickly! 31.142532109111002,0.0,-26.599612568389603
[22:02:53] [Server thread/WARN]: Boat (vehicle of DarthVerna) moved too quickly! 30.789720572683606,0.0,-26.507851056315474
[22:02:53] [Server thread/WARN]: Boat (vehicle of DarthVerna) moved too quickly! 30.433478114017262,0.0,-26.415197207466576
[22:02:53] [Server thread/WARN]: Boat (vehicle of DarthVerna) moved too quickly! 30.07414782541767,0.0,-26.32174025554167
[22:02:53] [Server thread/WARN]: Boat (vehicle of DarthVerna) moved too quickly! 29.712220060600913,0.0,-26.226886590020058
[22:02:53] [Server thread/WARN]: Boat (vehicle of DarthVerna) moved too quickly! 29.348332050916596,0.0,-26.129503879128265
[22:02:53] [Server thread/WARN]: Boat (vehicle of DarthVerna) moved too quickly! 28.983291412982368,0.0,-26.028052184941373
[22:02:53] [Server thread/WARN]: Boat (vehicle of DarthVerna) moved too quickly! 28.61810917432942,0.0,-25.920711493469412
[22:02:53] [Server thread/WARN]: Boat (vehicle of DarthVerna) moved too quickly! 28.253717920652605,0.0,-25.806116996573337
[22:02:53] [Server thread/WARN]: Boat moved wrongly!
[22:02:53] [Server thread/WARN]: Boat (vehicle of DarthVerna) moved too quickly! 27.53055327710379,0.0,-25.551517111375517
[22:02:53] [Server thread/WARN]: Boat (vehicle of DarthVerna) moved too quickly! 27.173136945100822,0.0,-25.41040627415606
[22:02:53] [Server thread/WARN]: Boat (vehicle of DarthVerna) moved too quickly! 26.8192269080851,0.0,-25.259723564645128
[22:02:53] [Server thread/WARN]: Boat (vehicle of DarthVerna) moved too quickly! 26.469244938164778,0.0,-25.099409270356716
[22:02:53] [Server thread/WARN]: Boat (vehicle of DarthVerna) moved too quickly! 26.123519111324967,0.0,-24.92953489617736
[22:02:53] [Server thread/WARN]: Boat (vehicle of DarthVerna) moved too quickly! 25.782296498138564,0.0,-24.750269324423698
[22:02:53] [Server thread/WARN]: Boat (vehicle of DarthVerna) moved too quickly! 25.445746836801874,0.0,-24.56186118506963
[22:02:53] [Server thread/WARN]: Boat moved wrongly!
[22:02:53] [Server thread/WARN]: Boat (vehicle of DarthVerna) moved too quickly! 24.787031045080454,0.0,-24.158874677179426
[22:02:53] [Server thread/WARN]: Boat (vehicle of DarthVerna) moved too quickly! 24.46491516049109,0.0,-23.94501211710167
[22:02:54] [Server thread/WARN]: Boat (vehicle of DarthVerna) moved too quickly! 24.147585186143033,0.0,-23.72341827115497
[22:02:54] [Server thread/WARN]: Boat (vehicle of DarthVerna) moved too quickly! 23.834964294143504,0.0,-23.494493010786414
[22:02:54] [Server thread/WARN]: Boat (vehicle of DarthVerna) moved too quickly! 23.526948368228176,0.0,-23.25863751513191
[22:02:54] [Server thread/WARN]: Boat (vehicle of DarthVerna) moved too quickly! 23.223410224577705,0.0,-23.01625019702726
[22:02:54] [Server thread/WARN]: Boat (vehicle of DarthVerna) moved too quickly! 22.924203684361416,0.0,-22.767723269249302
[22:02:54] [Server thread/WARN]: Boat (vehicle of DarthVerna) moved too quickly! 22.629170412973806,0.0,-22.513437413370582
[22:02:54] [Server thread/WARN]: Boat (vehicle of DarthVerna) moved too quickly! 22.33814339686353,0.0,-22.253759717954665
[22:02:54] [Server thread/WARN]: Boat (vehicle of DarthVerna) moved too quickly! 22.050947256359933,0.0,-21.98904440455783
[22:02:54] [Server thread/WARN]: Boat (vehicle of DarthVerna) moved too quickly! 21.767404565912543,0.0,-21.71962873511103
[22:02:54] [Server thread/WARN]: Boat (vehicle of DarthVerna) moved too quickly! 21.48733270964304,0.0,-21.445836682286654
[22:02:54] [Server thread/WARN]: Boat (vehicle of DarthVerna) moved too quickly! 21.21055310638168,0.0,-21.16797273892621
[22:02:54] [Server thread/WARN]: Boat (vehicle of DarthVerna) moved too quickly! 20.93688758195752,0.0,-20.88632598012623
[22:02:54] [Server thread/WARN]: Boat (vehicle of DarthVerna) moved too quickly! 20.66616115599392,0.0,-20.60116900848567
[22:02:54] [Server thread/WARN]: Boat (vehicle of DarthVerna) moved too quickly! 20.398201567929434,0.0,-20.31275939646514
[22:02:54] [Server thread/WARN]: Boat (vehicle of DarthVerna) moved too quickly! 20.132841925663868,0.0,-20.021338712083036
[22:02:54] [Server thread/WARN]: Boat (vehicle of DarthVerna) moved too quickly! 19.869923132180432,0.0,-19.72713166811917
[22:02:54] [Server thread/WARN]: Boat (vehicle of DarthVerna) moved too quickly! 19.609293033394053,0.0,-19.430347729407856
[22:02:54] [Server thread/WARN]: Boat (vehicle of DarthVerna) moved too quickly! 19.35080259647684,0.0,-19.131184850455384
[22:05:12] [Server thread/WARN]: Can't keep up! Is the server overloaded? Running 3037ms or 60 ticks behind
[22:05:12] [Server thread/WARN]: DarthVerna moved too quickly! 2.7317781666911287,-1.0013359791121417,13.15034982695363
[22:07:48] [Server thread/INFO]: DarthVerna issued server command: /give DarthVerna minecraft:porkchop 20
[22:07:48] [Server thread/INFO]: [DarthVerna: Gave 20 [Raw Porkchop] to DarthVerna]
[22:13:22] [Server thread/INFO]: DarthVerna issued server command: /give DarthVerna minecraft:paper 42
[22:13:22] [Server thread/INFO]: [DarthVerna: Gave 42 [Paper] to DarthVerna]
[22:13:28] [Server thread/INFO]: DarthVerna has made the advancement [What a Deal!]
[22:13:34] [Server thread/INFO]: DarthVerna issued server command: /give DarthVerna minecraft:paper 20
[22:13:34] [Server thread/INFO]: [DarthVerna: Gave 20 [Paper] to DarthVerna]
[22:14:19] [Server thread/INFO]: DarthVerna issued server command: /give DarthVerna minecraft:compass
[22:14:19] [Server thread/INFO]: [DarthVerna: Gave 1 [Compass] to DarthVerna]
[22:15:09] [Server thread/INFO]: DarthVerna issued server command: /give DarthVerna minecraft:emerald 30
[22:15:09] [Server thread/INFO]: [DarthVerna: Gave 30 [Emerald] to DarthVerna]
[22:16:21] [Server thread/INFO]: DarthVerna lost connection: Disconnected
[22:16:22] [Server thread/INFO]: DarthVerna left the game
[22:16:22] [Server thread/INFO]: krakauder lost connection: Disconnected
[22:16:22] [Server thread/INFO]: krakauder left the game
[22:16:22] [Server thread/WARN]: Can't keep up! Is the server overloaded? Running 31611ms or 632 ticks behind
[22:16:37] [Server thread/INFO]: krakauder[/151.16.152.25:53471] logged in with entity id 28697 at ([29092018Server]167.24665756776594, 63.0, 75.18446123696452)
[22:17:03] [Server thread/INFO]: krakauder lost connection: Timed out
[22:17:03] [Server thread/INFO]: krakauder left the game
[22:17:42] [Server thread/INFO]: krakauder[/151.16.152.25:53478] logged in with entity id 28924 at ([29092018Server]167.24665756776594, 63.0, 75.18446123696452)
[22:18:07] [Server thread/INFO]: krakauder lost connection: Timed out
[22:18:07] [Server thread/INFO]: krakauder left the game
[22:18:27] [Server thread/INFO]: DarthVerna[/83.211.105.234:60031] logged in with entity id 29226 at ([29092018Server]238.90058048537003, 66.0, 851.7877042264395)
[22:18:47] [Server thread/INFO]: krakauder[/151.16.152.25:53487] logged in with entity id 29394 at ([29092018Server]167.24665756776594, 63.0, 75.18446123696452)
[22:18:52] [Server thread/INFO]: DarthVerna lost connection: Timed out
[22:18:52] [Server thread/INFO]: DarthVerna left the game
[22:19:12] [Server thread/INFO]: krakauder lost connection: Timed out
[22:19:12] [Server thread/INFO]: krakauder left the game
[22:19:34] [Server thread/INFO]: DarthVerna[/83.211.105.234:60034] logged in with entity id 29825 at ([29092018Server]238.90058048537003, 66.0, 851.7877042264395)
[22:19:39] [Server thread/INFO]: krakauder[/151.16.152.25:53500] logged in with entity id 29996 at ([29092018Server]167.24665756776594, 63.0, 75.18446123696452)
[22:19:59] [Server thread/INFO]: DarthVerna lost connection: Timed out
[22:19:59] [Server thread/INFO]: DarthVerna left the game
[22:20:04] [Server thread/INFO]: krakauder lost connection: Timed out
[22:20:04] [Server thread/INFO]: krakauder left the game
[22:21:02] [Server thread/INFO]: DarthVerna[/83.211.105.234:60041] logged in with entity id 30421 at ([29092018Server]238.90058048537003, 66.0, 851.7877042264395)
[22:21:07] [Server thread/INFO]: krakauder[/151.16.152.25:53510] logged in with entity id 30606 at ([29092018Server]167.24665756776594, 63.0, 75.18446123696452)
[22:21:27] [Server thread/INFO]: DarthVerna lost connection: Timed out
[22:21:27] [Server thread/INFO]: DarthVerna left the game
[22:21:44] [Server thread/INFO]: DarthVerna[/83.211.105.234:60044] logged in with entity id 31728 at ([29092018Server]238.90058048537003, 66.0, 851.7877042264395)
[22:22:09] [Server thread/INFO]: DarthVerna lost connection: Timed out
[22:22:09] [Server thread/INFO]: DarthVerna left the game
[22:22:29] [Server thread/INFO]: DarthVerna[/83.211.105.234:60047] logged in with entity id 32503 at ([29092018Server]238.90058048537003, 66.0, 851.7877042264395)
[22:22:54] [Server thread/INFO]: DarthVerna lost connection: Timed out
[22:22:55] [Server thread/INFO]: DarthVerna left the game
[22:29:19] [Server thread/INFO]: DarthVerna[/83.211.105.234:60073] logged in with entity id 39050 at ([29092018Server]238.90058048537003, 66.0, 851.7877042264395)
[22:29:44] [Server thread/INFO]: DarthVerna lost connection: Timed out
[22:29:44] [Server thread/INFO]: DarthVerna left the game
[22:29:59] [Server thread/INFO]: DarthVerna[/83.211.105.234:60076] logged in with entity id 40040 at ([29092018Server]238.90058048537003, 66.0, 851.7877042264395)
[22:30:24] [Server thread/INFO]: DarthVerna lost connection: Timed out
[22:30:24] [Server thread/INFO]: DarthVerna left the game
[22:30:39] [Server thread/INFO]: DarthVerna[/83.211.105.234:60079] logged in with entity id 41020 at ([29092018Server]238.90058048537003, 66.0, 851.7877042264395)
[22:30:50] [Server thread/INFO]: DarthVerna lost connection: Disconnected
[22:30:50] [Server thread/INFO]: DarthVerna left the game
[22:31:25] [Server thread/INFO]: krakauder lost connection: Disconnected
[22:31:25] [Server thread/INFO]: krakauder left the game
[22:31:29] [Server thread/INFO]: Stopping the server
[22:31:29] [Server thread/INFO]: Stopping server
[22:31:29] [Server thread/INFO]: Saving players
[22:31:29] [Server thread/INFO]: Saving worlds
[22:31:29] [Server thread/INFO]: Saving chunks for level '29092018Server_the_end'/minecraft:the_end
[22:31:29] [Server thread/INFO]: Saving chunks for level '29092018Server_nether'/minecraft:the_nether
[22:31:29] [Server thread/INFO]: Saving chunks for level '29092018Server'/minecraft:overworld
